<?xml version='1.0' encoding='UTF-8'?>
<testsuite hostname="DESKTOP-JILUF1T" name="tutorial.webapp.TutorialTest" tests="2" errors="0" failures="0" skipped="0" time="0.011" timestamp="2020-10-03T01:21:06">
                     <properties>
      <property name="java.specification.version" value="15"/><property name="sun.cpu.isalist" value="amd64"/><property name="sun.jnu.encoding" value="Cp1252"/><property name="sun.arch.data.model" value="64"/><property name="java.vendor.url" value="https://java.oracle.com/"/><property name="sun.boot.library.path" value="C:\Program Files\Java\jdk-15\bin"/><property name="sun.java.command" value="xsbt.boot.Boot"/><property name="jdk.debug" value="release"/><property name="sun.stderr.encoding" value="cp437"/><property name="java.specification.vendor" value="Oracle Corporation"/><property name="java.version.date" value="2020-09-15"/><property name="java.home" value="C:\Program Files\Java\jdk-15"/><property name="file.separator" value="\"/><property name="java.vm.compressedOopsMode" value="32-bit"/><property name="line.separator" value="
"/><property name="sun.stdout.encoding" value="cp437"/><property name="java.vm.specification.vendor" value="Oracle Corporation"/><property name="java.specification.name" value="Java Platform API Specification"/><property name="user.script" value=""/><property name="java.protocol.handler.pkgs" value="com.google.common|com.google.common|com.google.common"/><property name="sun.management.compiler" value="HotSpot 64-Bit Tiered Compilers"/><property name="java.runtime.version" value="15+36-1562"/><property name="user.name" value="Slackerbot"/><property name="log4j.ignoreTCL" value="true"/><property name="file.encoding" value="UTF-8"/><property name="jnidispatch.path" value="C:\Users\SLACKE~1\AppData\Local\Temp\jna-1315212426\jna2116681276281754625.dll"/><property name="jna.loaded" value="true"/><property name="java.io.tmpdir" value="C:\Users\SLACKE~1\AppData\Local\Temp\"/><property name="java.version" value="15"/><property name="java.vm.specification.name" value="Java Virtual Machine Specification"/><property name="sun.os.patch.level" value=""/><property name="java.library.path" value="C:\Program Files\Java\jdk-15\bin;C:\WINDOWS\Sun\Java\bin;C:\WINDOWS\system32;C:\WINDOWS;C:\Program Files\Common Files\Oracle\Java\javapath;C:\Program Files (x86)\Common Files\Oracle\Java\javapath;C:\Program Files (x86)\Python38-32\Scripts\;C:\Program Files (x86)\Python38-32\;C:\Windows\system32;C:\Windows;C:\Windows\System32\Wbem;C:\Windows\System32\WindowsPowerShell\v1.0\;C:\Windows\System32\OpenSSH\;D:\Program Files\Git\cmd;D:\Program Files\nodejs\;D:\Program Files (x86)\Yarn\bin\;C:\Users\Slackerbot\AppData\Roaming\Python\Python38\Scripts;C:\Program Files\NVIDIA Corporation\NVIDIA NvDLISR;C:\Program Files (x86)\NVIDIA Corporation\PhysX\Common;C:\WINDOWS\system32;C:\WINDOWS;C:\WINDOWS\System32\Wbem;C:\Program Files (x86)\mingw-w64\i686-8.1.0-posix-dwarf-rt_v6-rev0\mingw32\bin;C:\Program Files (x86)\sbt\bin;C:\Program Files\Docker\Docker\resources\bin;C:\ProgramData\DockerDesktop\version-bin;C:\Users\Slackerbot\.pyenv\pyenv-win\bin;C:\Users\Slackerbot\.pyenv\pyenv-win\shims;C:\Users\Slackerbot\AppData\Local\Microsoft\WindowsApps;D:\Users\Slackerbot\AppData\Local\Programs\Microsoft VS Code\bin;C:\Users\Slackerbot\AppData\Roaming\npm;C:\Users\Slackerbot\AppData\Local\GitHubDesktop\bin;C:\Users\Slackerbot\AppData\Local\Yarn\bin;C:\Users\Slackerbot\AppData\Local\Microsoft\WindowsApps;;C:\Program Files\JetBrains\IntelliJ IDEA 2020.2.2\bin;;C:\Program Files\JetBrains\IntelliJ IDEA Community Edition 2020.2.2\bin;;."/><property name="java.vendor" value="Oracle Corporation"/><property name="scala.ext.dirs" value="C:\Users\Slackerbot\.sbt\0.13\java9-rt-ext-oracle_corporation_15"/><property name="sun.io.unicode.encoding" value="UnicodeLittle"/><property name="java.class.path" value="C:\Program Files (x86)\sbt\\bin\sbt-launch.jar"/><property name="java.vm.vendor" value="Oracle Corporation"/><property name="user.variant" value=""/><property name="jline.shutdownhook" value="false"/><property name="user.timezone" value="America/Los_Angeles"/><property name="java.vm.specification.version" value="15"/><property name="os.name" value="Windows 10"/><property name="sun.java.launcher" value="SUN_STANDARD"/><property name="user.country" value="US"/><property name="sun.cpu.endian" value="little"/><property name="user.home" value="C:\Users\Slackerbot"/><property name="user.language" value="en"/><property name="swoval.tmpdir" value="C:\Users\Slackerbot\.sbt\1.0"/><property name="jline.esc.timeout" value="0"/><property name="path.separator" value=";"/><property name="os.version" value="10.0"/><property name="jna.nosys" value="true"/><property name="java.runtime.name" value="Java(TM) SE Runtime Environment"/><property name="java.vm.name" value="Java HotSpot(TM) 64-Bit Server VM"/><property name="java.vendor.url.bug" value="https://bugreport.java.com/bugreport/"/><property name="user.dir" value="D:\Users\Slackerbot\Documents\Projects\tutorial-scalajs"/><property name="os.arch" value="amd64"/><property name="java.vm.info" value="mixed mode, sharing"/><property name="java.vm.version" value="15+36-1562"/><property name="java.class.version" value="59.0"/>
    </properties>
                     <testcase classname="tutorial.webapp.TutorialTest" name="HelloWorld" time="0.006">
                                                 
                                               </testcase><testcase classname="tutorial.webapp.TutorialTest" name="ButtonClick" time="0.005">
                                                 
                                               </testcase>
                     <system-out><![CDATA[]]></system-out>
                     <system-err><![CDATA[]]></system-err>
                   </testsuite>